<?xml version="1.0" encoding="UTF-8"?>
<!-- Generated by org.testng.reporters.JUnitReportReporter -->
<testsuite hostname="INBANGNBDELL23" failures="0" tests="1" name="testRCBApi.ApiTest" time="4.379" errors="0" timestamp="2022-07-23T22:29:11 IST" skipped="0">
  <testcase classname="testRCBApi.ApiTest" name="validateAtleastOneWicketKeeperPlays" time="4.379"/>
  <system-out/>
</testsuite> <!-- testRCBApi.ApiTest -->
