<?xml version="1.0" encoding="UTF-8"?>
<!-- Generated by org.testng.reporters.JUnitReportReporter -->
<testsuite hostname="INBANGNBDELL23" failures="0" tests="1" name="testRCBApi.LibraryTest" time="0.038" errors="0" timestamp="2022-07-23T21:58:12 IST" skipped="0">
  <testcase classname="testRCBApi.LibraryTest" name="someLibraryMethodReturnsTrue" time="0.038"/>
  <system-out/>
</testsuite> <!-- testRCBApi.LibraryTest -->
