<?xml version="1.0" encoding="UTF-8"?>
<!-- Generated by org.testng.reporters.JUnitReportReporter -->
<testsuite hostname="INBANGNBDELL23" failures="0" tests="1" name="testRCBApi.LibraryTest" time="0.011" errors="0" timestamp="2022-07-24T00:29:26 IST" skipped="0">
  <testcase classname="testRCBApi.LibraryTest" name="someLibraryMethodReturnsTrue" time="0.011"/>
  <system-out/>
</testsuite> <!-- testRCBApi.LibraryTest -->
