<?xml version="1.0" encoding="UTF-8"?>
<!-- Generated by org.testng.reporters.JUnitReportReporter -->
<testsuite hostname="INBANGNBDELL23" failures="0" tests="2" name="testRCBApi.ApiTest" time="4.745" errors="0" timestamp="2022-07-24T00:29:26 IST" skipped="0">
  <testcase classname="testRCBApi.ApiTest" name="validateAtleastOneWicketKeeperPlays" time="4.312"/>
  <system-out/>
  <testcase classname="testRCBApi.ApiTest" name="validateFourOverseasPlayers" time="0.433"/>
  <system-out/>
</testsuite> <!-- testRCBApi.ApiTest -->
